# JRE version: Java(TM) SE Runtime Environment (19.0.2+7) (build 19.0.2+7-44)
# Java VM: Java HotSpot(TM) 64-Bit Server VM (19.0.2+7-44, mixed mode, sharing, tiered, compressed oops, compressed class ptrs, g1 gc, windows-amd64)
GC Precious Log:
 CardTable entry size: 512
 Card Set container configuration: InlinePtr #cards 5 size 8 Array Of Cards #cards 12 size 40 Howl #buckets 4 coarsen threshold 1843 Howl Bitmap #cards 512 size 80 coarsen threshold 460 Card regions per heap region 1 cards per card region 2048
 CPUs: 2 total, 2 available
 Memory: 3918M
 Large Page Support: Disabled
 NUMA Support: Disabled
 Compressed Oops: Enabled (32-bit)
 Heap Region Size: 1M
 Heap Min Capacity: 8M
 Heap Initial Capacity: 62M
 Heap Max Capacity: 980M
 Pre-touch: Disabled
 Parallel Workers: 2
 Concurrent Workers: 1
 Concurrent Refinement Workers: 2
 Periodic GC: Disabled
Heap:
 garbage-first heap   total 67584K, used 40060K [0x00000000c2c00000, 0x0000000100000000)
  region size 1024K, 28 young (28672K), 3 survivors (3072K)
 Metaspace       used 33022K, committed 33344K, reserved 1114112K
  class space    used 4120K, committed 4288K, reserved 1048576K
GC Heap History (18 events):
Event: 0.414 GC heap before
{Heap before GC invocations=0 (full 0):
 garbage-first heap   total 63488K, used 6144K [0x00000000c2c00000, 0x0000000100000000)
  region size 1024K, 6 young (6144K), 0 survivors (0K)
 Metaspace       used 716K, committed 832K, reserved 1114112K
  class space    used 40K, committed 128K, reserved 1048576K
}
Event: 0.424 GC heap after
{Heap after GC invocations=1 (full 0):
 garbage-first heap   total 63488K, used 5004K [0x00000000c2c00000, 0x0000000100000000)
  region size 1024K, 1 young (1024K), 1 survivors (1024K)
 Metaspace       used 716K, committed 832K, reserved 1114112K
  class space    used 40K, committed 128K, reserved 1048576K
}
Event: 1.466 GC heap before
{Heap before GC invocations=1 (full 0):
 garbage-first heap   total 63488K, used 8076K [0x00000000c2c00000, 0x0000000100000000)
  region size 1024K, 4 young (4096K), 1 survivors (1024K)
 Metaspace       used 2065K, committed 2176K, reserved 1114112K
  class space    used 170K, committed 256K, reserved 1048576K
}
Event: 1.471 GC heap after
{Heap after GC invocations=2 (full 0):
 garbage-first heap   total 63488K, used 6264K [0x00000000c2c00000, 0x0000000100000000)
  region size 1024K, 1 young (1024K), 1 survivors (1024K)
 Metaspace       used 2065K, committed 2176K, reserved 1114112K
  class space    used 170K, committed 256K, reserved 1048576K
}
Event: 2.412 GC heap before
{Heap before GC invocations=2 (full 0):
 garbage-first heap   total 63488K, used 13432K [0x00000000c2c00000, 0x0000000100000000)
  region size 1024K, 8 young (8192K), 1 survivors (1024K)
 Metaspace       used 4324K, committed 4544K, reserved 1114112K
  class space    used 441K, committed 512K, reserved 1048576K
}
Event: 2.417 GC heap after
{Heap after GC invocations=3 (full 0):
 garbage-first heap   total 63488K, used 6951K [0x00000000c2c00000, 0x0000000100000000)
  region size 1024K, 1 young (1024K), 1 survivors (1024K)
 Metaspace       used 4324K, committed 4544K, reserved 1114112K
  class space    used 441K, committed 512K, reserved 1048576K
}
Event: 5.725 GC heap before
{Heap before GC invocations=3 (full 0):
 garbage-first heap   total 63488K, used 36647K [0x00000000c2c00000, 0x0000000100000000)
  region size 1024K, 31 young (31744K), 1 survivors (1024K)
 Metaspace       used 12309K, committed 12544K, reserved 1114112K
  class space    used 1556K, committed 1664K, reserved 1048576K
}
Event: 5.754 GC heap after
{Heap after GC invocations=4 (full 0):
 garbage-first heap   total 63488K, used 9147K [0x00000000c2c00000, 0x0000000100000000)
  region size 1024K, 3 young (3072K), 3 survivors (3072K)
 Metaspace       used 12309K, committed 12544K, reserved 1114112K
  class space    used 1556K, committed 1664K, reserved 1048576K
}
Event: 7.685 GC heap before
{Heap before GC invocations=4 (full 0):
 garbage-first heap   total 63488K, used 39867K [0x00000000c2c00000, 0x0000000100000000)
  region size 1024K, 34 young (34816K), 3 survivors (3072K)
 Metaspace       used 19331K, committed 19648K, reserved 1114112K
  class space    used 2369K, committed 2496K, reserved 1048576K
}
Event: 7.702 GC heap after
{Heap after GC invocations=5 (full 0):
 garbage-first heap   total 63488K, used 11414K [0x00000000c2c00000, 0x0000000100000000)
  region size 1024K, 5 young (5120K), 5 survivors (5120K)
 Metaspace       used 19331K, committed 19648K, reserved 1114112K
  class space    used 2369K, committed 2496K, reserved 1048576K
}
Event: 8.697 GC heap before
{Heap before GC invocations=5 (full 0):
 garbage-first heap   total 63488K, used 28822K [0x00000000c2c00000, 0x0000000100000000)
  region size 1024K, 23 young (23552K), 5 survivors (5120K)
 Metaspace       used 21277K, committed 21504K, reserved 1114112K
  class space    used 2595K, committed 2688K, reserved 1048576K
}
Event: 8.739 GC heap after
{Heap after GC invocations=6 (full 0):
 garbage-first heap   total 63488K, used 12097K [0x00000000c2c00000, 0x0000000100000000)
  region size 1024K, 3 young (3072K), 3 survivors (3072K)
 Metaspace       used 21277K, committed 21504K, reserved 1114112K
  class space    used 2595K, committed 2688K, reserved 1048576K
}
Event: 10.860 GC heap before
{Heap before GC invocations=7 (full 0):
 garbage-first heap   total 45056K, used 35649K [0x00000000c2c00000, 0x0000000100000000)
  region size 1024K, 26 young (26624K), 3 survivors (3072K)
 Metaspace       used 25290K, committed 25600K, reserved 1114112K
  class space    used 3153K, committed 3264K, reserved 1048576K
}
Event: 10.883 GC heap after
{Heap after GC invocations=8 (full 0):
 garbage-first heap   total 45056K, used 14499K [0x00000000c2c00000, 0x0000000100000000)
  region size 1024K, 4 young (4096K), 4 survivors (4096K)
 Metaspace       used 25290K, committed 25600K, reserved 1114112K
  class space    used 3153K, committed 3264K, reserved 1048576K
}
Event: 10.972 GC heap before
{Heap before GC invocations=8 (full 0):
 garbage-first heap   total 45056K, used 15523K [0x00000000c2c00000, 0x0000000100000000)
  region size 1024K, 5 young (5120K), 4 survivors (4096K)
 Metaspace       used 25437K, committed 25664K, reserved 1114112K
  class space    used 3169K, committed 3264K, reserved 1048576K
}
Event: 10.988 GC heap after
{Heap after GC invocations=9 (full 0):
 garbage-first heap   total 45056K, used 14743K [0x00000000c2c00000, 0x0000000100000000)
  region size 1024K, 1 young (1024K), 1 survivors (1024K)
 Metaspace       used 25437K, committed 25664K, reserved 1114112K
  class space    used 3169K, committed 3264K, reserved 1048576K
}
Event: 15.197 GC heap before
{Heap before GC invocations=9 (full 0):
 garbage-first heap   total 45056K, used 32151K [0x00000000c2c00000, 0x0000000100000000)
  region size 1024K, 19 young (19456K), 1 survivors (1024K)
 Metaspace       used 29498K, committed 29824K, reserved 1114112K
  class space    used 3697K, committed 3840K, reserved 1048576K
}
Event: 15.207 GC heap after
{Heap after GC invocations=10 (full 0):
 garbage-first heap   total 67584K, used 16508K [0x00000000c2c00000, 0x0000000100000000)
  region size 1024K, 3 young (3072K), 3 survivors (3072K)
 Metaspace       used 29498K, committed 29824K, reserved 1114112K
  class space    used 3697K, committed 3840K, reserved 1048576K
}

